-------------------------------------------------------------------------------
Test set: ar.edu.unlp.info.bd2.services.MongoDBBithubServiceTestCase
-------------------------------------------------------------------------------
Tests run: 6, Failures: 1, Errors: 4, Skipped: 0, Time elapsed: 8.457 sec <<< FAILURE! - in ar.edu.unlp.info.bd2.services.MongoDBBithubServiceTestCase
testCreateReview  Time elapsed: 1.682 sec  <<< ERROR!
java.lang.NullPointerException
	at ar.edu.unlp.info.bd2.services.BithubServiceTestCase.testCreateReview(BithubServiceTestCase.java:121)

testCreateBranchAndCommit  Time elapsed: 1.372 sec  <<< ERROR!
org.bson.codecs.configuration.CodecConfigurationException: 
An exception occurred when decoding using the AutomaticPojoCodec.
Decoding into a 'Association' failed with the following exception:

Cannot find a public constructor for 'Association'.

A custom Codec or PojoCodec may need to be explicitly configured and registered to handle this type.
	at ar.edu.unlp.info.bd2.services.BithubServiceTestCase.testCreateBranchAndCommit(BithubServiceTestCase.java:64)
Caused by: org.bson.codecs.configuration.CodecConfigurationException: Cannot find a public constructor for 'Association'.
	at ar.edu.unlp.info.bd2.services.BithubServiceTestCase.testCreateBranchAndCommit(BithubServiceTestCase.java:64)

testGetCommitsFromUser  Time elapsed: 1.215 sec  <<< ERROR!
org.bson.codecs.configuration.CodecConfigurationException: 
An exception occurred when decoding using the AutomaticPojoCodec.
Decoding into a 'Association' failed with the following exception:

Cannot find a public constructor for 'Association'.

A custom Codec or PojoCodec may need to be explicitly configured and registered to handle this type.
	at ar.edu.unlp.info.bd2.services.BithubServiceTestCase.testGetCommitsFromUser(BithubServiceTestCase.java:173)
Caused by: org.bson.codecs.configuration.CodecConfigurationException: Cannot find a public constructor for 'Association'.
	at ar.edu.unlp.info.bd2.services.BithubServiceTestCase.testGetCommitsFromUser(BithubServiceTestCase.java:173)

testUsersThatCommitedInBranch  Time elapsed: 1.34 sec  <<< FAILURE!
org.opentest4j.AssertionFailedError: Expected ar.edu.unlp.info.bd2.services.BithubException to be thrown, but nothing was thrown.
	at ar.edu.unlp.info.bd2.services.BithubServiceTestCase.testUsersThatCommitedInBranch(BithubServiceTestCase.java:231)

testGetTotalNumberOfCommitsPerUser  Time elapsed: 1.328 sec  <<< ERROR!
java.lang.NullPointerException
	at ar.edu.unlp.info.bd2.services.BithubServiceTestCase.testGetTotalNumberOfCommitsPerUser(BithubServiceTestCase.java:202)

